<?xml version="1.0" encoding="UTF-8"?>
<testsuite name="Lecture11.sandbox.PointTests" tests="3" skipped="0" failures="0" errors="0" timestamp="2019-04-06T15:01:18" hostname="SPBNB-PRC1839" time="0.002">
  <properties/>
  <testcase name="testDistance1" classname="Lecture11.sandbox.PointTests" time="0.001"/>
  <testcase name="testDistance2" classname="Lecture11.sandbox.PointTests" time="0.001"/>
  <testcase name="testDistance3" classname="Lecture11.sandbox.PointTests" time="0.0"/>
  <system-out><![CDATA[]]></system-out>
  <system-err><![CDATA[]]></system-err>
</testsuite>
