<?xml version="1.0" encoding="UTF-8"?>
<testsuite name="Lecture11.sandbox.PrimeTests" tests="2" skipped="0" failures="0" errors="0" timestamp="2019-04-06T15:01:18" hostname="SPBNB-PRC1839" time="0.002">
  <properties/>
  <testcase name="testNonPrimes" classname="Lecture11.sandbox.PrimeTests" time="0.0"/>
  <testcase name="testPrimes" classname="Lecture11.sandbox.PrimeTests" time="0.002"/>
  <system-out><![CDATA[]]></system-out>
  <system-err><![CDATA[]]></system-err>
</testsuite>
