<?xml version="1.0" encoding="UTF-8"?>
<testsuite name="Lecture11.sandbox.SquareTests" tests="1" skipped="0" failures="0" errors="0" timestamp="2019-04-06T15:01:18" hostname="SPBNB-PRC1839" time="0.001">
  <properties/>
  <testcase name="testArea" classname="Lecture11.sandbox.SquareTests" time="0.001"/>
  <system-out><![CDATA[]]></system-out>
  <system-err><![CDATA[]]></system-err>
</testsuite>
