<?xml version="1.0" encoding="UTF-8"?>
<testsuite name="Lecture22.addressbook.tests.GroupModification" tests="1" skipped="0" failures="0" errors="0" timestamp="2019-03-17T20:58:10" hostname="SPBNB-PRC1839" time="1.346">
  <properties/>
  <testcase name="testEditGroup" classname="Lecture22.addressbook.tests.GroupModification" time="1.346"/>
  <system-out><![CDATA[]]></system-out>
  <system-err><![CDATA[]]></system-err>
</testsuite>
