<?xml version="1.0" encoding="UTF-8"?>
<testsuite name="Lecture22.addressbook.tests.GroupCreation" tests="4" skipped="0" failures="0" errors="0" timestamp="2019-03-17T20:58:03" hostname="SPBNB-PRC1839" time="6.993">
  <properties/>
  <testcase name="testBadGroupCreation" classname="Lecture22.addressbook.tests.GroupCreation" time="2.233"/>
  <testcase name="testGroupCreation[0](Group{ID=2147483647, name='name 0'})" classname="Lecture22.addressbook.tests.GroupCreation" time="1.554"/>
  <testcase name="testGroupCreation[1](Group{ID=2147483647, name='name 1'})" classname="Lecture22.addressbook.tests.GroupCreation" time="1.556"/>
  <testcase name="testGroupCreation[2](Group{ID=2147483647, name='name 2'})" classname="Lecture22.addressbook.tests.GroupCreation" time="1.612"/>
  <system-out><![CDATA[]]></system-out>
  <system-err><![CDATA[]]></system-err>
</testsuite>
