<?xml version="1.0" encoding="UTF-8"?>
<testsuite name="Lecture22.addressbook.tests.GroupDeletion" tests="1" skipped="0" failures="0" errors="0" timestamp="2019-04-06T15:51:22" hostname="SPBNB-PRC1839" time="1.326">
  <properties/>
  <testcase name="testGroupDeletion" classname="Lecture22.addressbook.tests.GroupDeletion" time="1.326"/>
  <system-out><![CDATA[Hibernate: select group0_.group_id as group_id1_2_, group0_.group_footer as group_fo2_2_, group0_.group_header as group_he3_2_, group0_.group_name as group_na4_2_ from group_list group0_
Hibernate: select group0_.group_id as group_id1_2_, group0_.group_footer as group_fo2_2_, group0_.group_header as group_he3_2_, group0_.group_name as group_na4_2_ from group_list group0_
Hibernate: select group0_.group_id as group_id1_2_, group0_.group_footer as group_fo2_2_, group0_.group_header as group_he3_2_, group0_.group_name as group_na4_2_ from group_list group0_
]]></system-out>
  <system-err><![CDATA[]]></system-err>
</testsuite>
