<?xml version="1.0" encoding="UTF-8"?>
<testsuite name="Lecture22.addressbook.tests.ContactAddress" tests="1" skipped="0" failures="0" errors="0" timestamp="2019-03-17T20:57:33" hostname="SPBNB-PRC1839" time="0.291">
  <properties/>
  <testcase name="testAddress" classname="Lecture22.addressbook.tests.ContactAddress" time="0.291"/>
  <system-out><![CDATA[]]></system-out>
  <system-err><![CDATA[]]></system-err>
</testsuite>
