<?xml version="1.0" encoding="UTF-8"?>
<testsuite name="Lecture22.addressbook.tests.GroupCreation" tests="4" skipped="0" failures="0" errors="0" timestamp="2019-03-17T19:38:19" hostname="SPBNB-PRC1839" time="5.785">
  <properties/>
  <testcase name="testBadGroupCreation" classname="Lecture22.addressbook.tests.GroupCreation" time="1.55"/>
  <testcase name="testGroupCreation[0](Group{ID=2147483647, name='name 0'})" classname="Lecture22.addressbook.tests.GroupCreation" time="1.306"/>
  <testcase name="testGroupCreation[1](Group{ID=2147483647, name='name 1'})" classname="Lecture22.addressbook.tests.GroupCreation" time="1.461"/>
  <testcase name="testGroupCreation[2](Group{ID=2147483647, name='name 2'})" classname="Lecture22.addressbook.tests.GroupCreation" time="1.429"/>
  <system-out><![CDATA[]]></system-out>
  <system-err><![CDATA[]]></system-err>
</testsuite>
