<?xml version="1.0" encoding="UTF-8"?>
<testsuite name="Lecture22.addressbook.tests.ContactDeletion" tests="1" skipped="0" failures="0" errors="0" timestamp="2019-03-17T19:38:42" hostname="SPBNB-PRC1839" time="2.433">
  <properties/>
  <testcase name="testContactDeletion" classname="Lecture22.addressbook.tests.ContactDeletion" time="2.433"/>
  <system-out><![CDATA[]]></system-out>
  <system-err><![CDATA[]]></system-err>
</testsuite>
