<?xml version="1.0" encoding="UTF-8"?>
<testsuite name="Lecture22.addressbook.tests.GroupDeletion" tests="1" skipped="0" failures="0" errors="0" timestamp="2019-03-17T19:38:26" hostname="SPBNB-PRC1839" time="0.549">
  <properties/>
  <testcase name="testGroupDeletion" classname="Lecture22.addressbook.tests.GroupDeletion" time="0.549"/>
  <system-out><![CDATA[]]></system-out>
  <system-err><![CDATA[]]></system-err>
</testsuite>
